[0m11:57:54.406092 [debug] [MainThread]: Sending event: {'category': 'dbt', 'action': 'invocation', 'label': 'start', 'context': [<snowplow_tracker.self_describing_json.SelfDescribingJson object at 0x0000016DF10EF830>, <snowplow_tracker.self_describing_json.SelfDescribingJson object at 0x0000016DF10EF7A0>, <snowplow_tracker.self_describing_json.SelfDescribingJson object at 0x0000016DF0ED5700>]}


============================== 11:57:54.409165 | 29fcc978-94d3-4984-9b17-b1cee3f6b1bf ==============================
[0m11:57:54.409165 [info ] [MainThread]: Running with dbt=1.7.19
[0m11:57:54.409165 [debug] [MainThread]: running dbt with arguments {'printer_width': '80', 'indirect_selection': 'eager', 'log_cache_events': 'False', 'write_json': 'True', 'partial_parse': 'True', 'cache_selected_only': 'False', 'profiles_dir': 'C:\\Users\\Jean\\.dbt', 'version_check': 'True', 'warn_error': 'None', 'log_path': 'logs', 'debug': 'False', 'fail_fast': 'False', 'use_colors': 'True', 'use_experimental_parser': 'False', 'no_print': 'None', 'quiet': 'False', 'warn_error_options': 'WarnErrorOptions(include=[], exclude=[])', 'static_parser': 'True', 'introspect': 'True', 'log_format': 'default', 'target_path': 'None', 'invocation_command': 'dbt init', 'send_anonymous_usage_stats': 'True'}
[0m11:57:54.410221 [warn ] [MainThread]: [ConfigFolderDirectory]: Unable to parse dict {'dir': WindowsPath('C:/Users/Jean/.dbt')}
[0m11:57:54.410221 [info ] [MainThread]: Creating dbt configuration folder at 
[0m11:58:02.562198 [debug] [MainThread]: Starter project path: C:\Python312\Lib\site-packages\dbt\include\starter_project
[0m11:58:02.582701 [info ] [MainThread]: 
Your new dbt project "demo" was created!

For more information on how to configure the profiles.yml file,
please consult the dbt documentation here:

  https://docs.getdbt.com/docs/configure-your-profile

One more thing:

Need help? Don't hesitate to reach out to us via GitHub issues or on Slack:

  https://community.getdbt.com/

Happy modeling!

[0m11:58:02.584014 [info ] [MainThread]: Setting up your profile.
[0m11:58:12.616754 [info ] [MainThread]: Profile demo written to C:\Users\Jean\.dbt\profiles.yml using target's sample configuration. Once updated, you'll be able to start developing with dbt.
[0m11:58:12.618754 [debug] [MainThread]: Command `dbt init` succeeded at 11:58:12.617754 after 18.27 seconds
[0m11:58:12.618754 [debug] [MainThread]: Sending event: {'category': 'dbt', 'action': 'invocation', 'label': 'end', 'context': [<snowplow_tracker.self_describing_json.SelfDescribingJson object at 0x0000016DF065E5A0>, <snowplow_tracker.self_describing_json.SelfDescribingJson object at 0x0000016DF059AA50>, <snowplow_tracker.self_describing_json.SelfDescribingJson object at 0x0000016DF1065040>]}
[0m11:58:12.618754 [debug] [MainThread]: Flushing usage events
